Main.cpp(275): [info] WeaponSpeedMultHook complete...
Main.cpp(368): [info] CreateActorValueInfo complete...
Main.cpp(609): [info] ValueEffectStartHook complete...
Main.cpp(688): [info] ValueEffectFinishHook complete...
Main.cpp(760): [info] ValueEffectLoadGameHook complete...
Main.cpp(912): [info] GetActorValueHook complete...
Main.cpp(866): [info] GetActorValueModifier Hook complete...
Main.cpp(1197): [info] ActorCtorHook complete...
Main.cpp(1230): [info] Actor::FinishLoadGameHook complete...
Main.cpp(1706): [info] Condition_HasKeywordHook complete...
Main.cpp(1427): [info] SetEffectiveness Hook complete...
Main.cpp(1322): [info] Scrambled bugs detected, reading settings...
Main.cpp(1335): [info] Scrambled bugs setting parsed using magicEffectFlags fix.
Main.cpp(1664): [info] PapyrusAPI registered.
Main.cpp(961): [info] SetBaseActorValueHook complete...
Main.cpp(1008): [info] ModBaseActorValueHook complete...
Main.cpp(1797): [info] SimonrimAttackSpeedFix global found Attempting lock...(1/2)
Main.cpp(1805): [info] SimonrimAttackSpeedFix lock set. (2/2)
PerkEntryPointExtenderAPI.h(138): [warning] PerkEntryPointExtender.dll not found, API will remain non functional.
PerkEntryPointExtenderAPI.h(151): [critical] Unsuccessful module and request, PEPE
