[10/26/24 12:05:30][info](main.cpp:27) NoEnchantmentRestrictionRemake v3.0.1.0 loaded
[10/26/24 12:05:30][info](Config.cpp:21) Config Loaded
[10/26/24 12:05:30][info](Hooks.cpp:39) Hooks installed
[10/26/24 12:05:52][info](Forms.cpp:143) Forms patched
[10/26/24 12:05:52][info](Forms.cpp:104) Stat report:
[10/26/24 12:05:52][info](Forms.cpp:105) Enchantments processed: 1293
[10/26/24 12:05:52][info](Forms.cpp:106) Keywords processed: 176
[10/26/24 12:05:52][info](Forms.cpp:109)  19 (01.5%)[Arcane.esp]
[10/26/24 12:05:52][info](Forms.cpp:109)  45 (03.5%)[Dragonborn.esm]
[10/26/24 12:05:52][info](Forms.cpp:109)  23 (01.8%)[Aetherius Magic 2.0.esp]
[10/26/24 12:05:52][info](Forms.cpp:109)  12 (00.9%)[RoM - Dragon Priest Masks Pack.esp]
[10/26/24 12:05:52][info](Forms.cpp:109)  14 (01.1%)[Lunaris.esp]
[10/26/24 12:05:52][info](Forms.cpp:109)  70 (05.4%)[Reliquary of Myth.esp]
[10/26/24 12:05:52][info](Forms.cpp:109)  65 (05.0%)[Apocalypse - Magic of Skyrim.esp]
[10/26/24 12:05:52][info](Forms.cpp:109)   1 (00.1%)[SeranaDialogAddon.esp]
[10/26/24 12:05:52][info](Forms.cpp:109)   2 (00.2%)[RoM - Apocalypse + Summermyst Patch.esp]
[10/26/24 12:05:52][info](Forms.cpp:109)   1 (00.1%)[RoM - Saints & Seducers Patch.esp]
[10/26/24 12:05:52][info](Forms.cpp:109)   3 (00.2%)[Thunderchild - Epic Shout Package.esp]
[10/26/24 12:05:52][info](Forms.cpp:109)  97 (07.5%)[Odin - Skyrim Magic Overhaul.esp]
[10/26/24 12:05:52][info](Forms.cpp:109) 143 (11.1%)[Skyrim.esm]
[10/26/24 12:05:52][info](Forms.cpp:109)  16 (01.2%)[Bloodmoon.esp]
[10/26/24 12:05:52][info](Forms.cpp:109)   1 (00.1%)[Relationship Dialogue Overhaul.esp]
[10/26/24 12:05:52][info](Forms.cpp:109) 163 (12.6%)[Summermyst - Enchantments of Skyrim.esp]
[10/26/24 12:05:52][info](Forms.cpp:109)  10 (00.8%)[unofficial skyrim special edition patch.esp]
[10/26/24 12:05:52][info](Forms.cpp:109)   8 (00.6%)[RoM - Fishing Patch.esp]
[10/26/24 12:05:52][info](Forms.cpp:109)   1 (00.1%)[Odin - Ordinator Compatibility Patch.esp]
[10/26/24 12:05:52][info](Forms.cpp:109)   5 (00.4%)[BSAssets.esm]
[10/26/24 12:05:52][info](Forms.cpp:109)   1 (00.1%)[Update.esm]
[10/26/24 12:05:52][info](Forms.cpp:109)  16 (01.2%)[Dawnguard.esm]
[10/26/24 12:05:52][info](Forms.cpp:109)  17 (01.3%)[Vulcano.esp]
[10/26/24 12:05:52][info](Forms.cpp:109)  43 (03.3%)[HearthFires.esm]
[10/26/24 12:05:52][info](Forms.cpp:109)   7 (00.5%)[ccBGSSSE001-Fish.esm]
[10/26/24 12:05:52][info](Forms.cpp:109)   1 (00.1%)[ccBGSSSE025-AdvDSGS.esm]
[10/26/24 12:05:52][info](Forms.cpp:109)  56 (04.3%)[arnima.esm]
[10/26/24 12:05:52][info](Forms.cpp:109)  21 (01.6%)[BSHeartland.esm]
[10/26/24 12:05:52][info](Forms.cpp:109)   1 (00.1%)[Falskaar.esm]
[10/26/24 12:05:52][info](Forms.cpp:109)   3 (00.2%)[AegisFollower.esp]
[10/26/24 12:05:52][info](Forms.cpp:109)   8 (00.6%)[WheelsOfLull.esp]
[10/26/24 12:05:52][info](Forms.cpp:109)  16 (01.2%)[Flames of Coldharbour.esp]
[10/26/24 12:05:52][info](Forms.cpp:109)  12 (00.9%)[MzarkWonders.esp]
[10/26/24 12:05:52][info](Forms.cpp:109)   1 (00.1%)[Ghostlight.esl]
[10/26/24 12:05:52][info](Forms.cpp:109)   1 (00.1%)[Lightpower.esl]
[10/26/24 12:05:52][info](Forms.cpp:109)   3 (00.2%)[Skyrim Revamped - Complete Enemy Overhaul.esp]
[10/26/24 12:05:52][info](Forms.cpp:109)   1 (00.1%)[Aero.esl]
[10/26/24 12:05:52][info](Forms.cpp:109)  20 (01.5%)[LevelersTower.esp]
[10/26/24 12:05:52][info](Forms.cpp:109)   3 (00.2%)[BrhuceLegacy.esp]
[10/26/24 12:05:52][info](Forms.cpp:109)   2 (00.2%)[SurSummerAssault - Stormcloak.esp]
[10/26/24 12:05:52][info](Forms.cpp:109)  39 (03.0%)[DealingwithDaedra.esp]
[10/26/24 12:05:52][info](Forms.cpp:109)   6 (00.5%)[Wintersun - Faiths of Skyrim.esp]
[10/26/24 12:05:52][info](Forms.cpp:109)   2 (00.2%)[middenexpandedSSE.esp]
[10/26/24 12:05:52][info](Forms.cpp:109)   2 (00.2%)[Dwarfsphere.esp]
[10/26/24 12:05:52][info](Forms.cpp:109)   1 (00.1%)[Soul Cairn Expanded.esp]
[10/26/24 12:05:52][info](Forms.cpp:109)   4 (00.3%)[Glamoril.esp]
[10/26/24 12:05:52][info](Forms.cpp:109)   1 (00.1%)[DHSpell.esp]
[10/26/24 12:05:52][info](Forms.cpp:109)   7 (00.5%)[Darkstorm.esp]
[10/26/24 12:05:52][info](Forms.cpp:109)   1 (00.1%)[blackreachrailroadnew.esp]
[10/26/24 12:05:52][info](Forms.cpp:109)  78 (06.0%)[Natura.esp]
[10/26/24 12:05:52][info](Forms.cpp:109)  45 (03.5%)[Dwemertech - Magic of the Dwarves.esp]
[10/26/24 12:05:52][info](Forms.cpp:109)   3 (00.2%)[Aethernautics.esp]
[10/26/24 12:05:52][info](Forms.cpp:109)   2 (00.2%)[Haem Projects Goblands.esp]
[10/26/24 12:05:52][info](Forms.cpp:109)  22 (01.7%)[Abyss.esp]
[10/26/24 12:05:52][info](Forms.cpp:109)   6 (00.5%)[DwemerSpectresLegendary.esp]
[10/26/24 12:05:52][info](Forms.cpp:109)  27 (02.1%)[Spellsiphon.esp]
[10/26/24 12:05:52][info](Forms.cpp:109)   5 (00.4%)[Items of Power.esp]
[10/26/24 12:05:52][info](Forms.cpp:109)  41 (03.2%)[Necrotic.esp]
[10/26/24 12:05:52][info](Forms.cpp:109)  17 (01.3%)[Desecration.esp]
[10/26/24 12:05:52][info](Forms.cpp:109)  16 (01.2%)[Stellaris.esp]
[10/26/24 12:05:52][info](Forms.cpp:109)  16 (01.2%)[Arclight.esp]
[10/26/24 12:05:52][info](Forms.cpp:109)  12 (00.9%)[Necrom.esp]
[10/26/24 12:05:52][info](Forms.cpp:109)   1 (00.1%)[BlackLight.esp]
[10/26/24 12:05:52][info](Forms.cpp:109)   7 (00.5%)[Ordinator - Perks of Skyrim.esp]
